Request #1: GET /person Accept: application/xml
=> Result: OK
=> HTTP Status: 200
<?xml version="1.0" encoding="UTF-8"?><people>
  <person>
    <birthdate>07/08/1993</birthdate>
    <email>rackortekaas@gmail.com</email>
    <idPerson>1</idPerson>
    <lastname>Kortekaas</lastname>
    <healthProfile>
      <measureType>
        <measureDef>
          <idMeasureDef>1</idMeasureDef>
          <measureName>weight</measureName>
        </measureDef>
        <measureName>weight</measureName>
        <value>72</value>
      </measureType>
      <measureType>
        <measureDef>
          <idMeasureDef>2</idMeasureDef>
          <measureName>height</measureName>
        </measureDef>
        <measureName>height</measureName>
        <value>72</value>
      </measureType>
    </healthProfile>
    <name>Remco</name>
    <username>rkortekaas</username>
  </person>
  <person>
    <birthdate>02/09/1978</birthdate>
    <email>michelle.kortekaas@live.nl</email>
    <idPerson>2</idPerson>
    <lastname>Kortekaas</lastname>
    <healthProfile/>
    <name>Michelle</name>
    <username>mkortekaas</username>
  </person>
  <person>
    <birthdate>10/12/1993</birthdate>
    <email>thomaskortekaas@hotmail.com</email>
    <idPerson>3</idPerson>
    <lastname>Kortekaas</lastname>
    <healthProfile/>
    <name>Thomas</name>
    <username>tkortekaas</username>
  </person>
</people>

Request #2: GET /person/1 Accept: application/xml
=> Result: OK
=> HTTP Status: 200
<?xml version="1.0" encoding="UTF-8"?><person>
  <birthdate>07/08/1993</birthdate>
  <email>rackortekaas@gmail.com</email>
  <idPerson>1</idPerson>
  <lastname>Kortekaas</lastname>
  <healthProfile>
    <measureType>
      <measureDef>
        <idMeasureDef>1</idMeasureDef>
        <measureName>weight</measureName>
      </measureDef>
      <measureName>weight</measureName>
      <value>72</value>
    </measureType>
    <measureType>
      <measureDef>
        <idMeasureDef>2</idMeasureDef>
        <measureName>height</measureName>
      </measureDef>
      <measureName>height</measureName>
      <value>72</value>
    </measureType>
  </healthProfile>
  <name>Remco</name>
  <username>rkortekaas</username>
</person>

Request #3: PUT /person/1 Accept: application/xml Content-Type:  application/xml
=> Result: ERROR
=> HTTP Status: 200
<?xml version="1.0" encoding="UTF-8"?><person>
  <birthdate>07/08/1993</birthdate>
  <email>rackortekaas@gmail.com</email>
  <idPerson>1</idPerson>
  <lastname>Kortekaas</lastname>
  <healthProfile>
    <measureType>
      <measureDef>
        <idMeasureDef>1</idMeasureDef>
        <measureName>weight</measureName>
      </measureDef>
      <measureName>weight</measureName>
      <value>72</value>
    </measureType>
    <measureType>
      <measureDef>
        <idMeasureDef>2</idMeasureDef>
        <measureName>height</measureName>
      </measureDef>
      <measureName>height</measureName>
      <value>72</value>
    </measureType>
  </healthProfile>
  <name>Remco</name>
  <username>rkortekaas</username>
</person>

