0 info it worked if it ends with ok
1 verbose cli [ '/usr/local/Cellar/node/7.2.0/bin/node',
1 verbose cli   '/Users/remco/.npm-packages/bin/npm',
1 verbose cli   'install',
1 verbose cli   'app.json',
1 verbose cli   '-global' ]
2 info using npm@4.0.3
3 info using node@v7.2.0
4 silly loadCurrentTree Starting
5 silly install loadCurrentTree
6 silly install readGlobalPackageData
7 silly fetchPackageMetaData app.json
8 silly fetchOtherPackageData app.json
9 silly cache add args [ 'app.json', null ]
10 verbose cache add spec app.json
11 silly cache add parsed spec Result {
11 silly cache add   raw: 'app.json',
11 silly cache add   scope: null,
11 silly cache add   escapedName: 'app.json',
11 silly cache add   name: null,
11 silly cache add   rawSpec: 'app.json',
11 silly cache add   spec: '/Users/remco/dev/lab-intro-sde/introsde/myworkspace/assignment02/app.json',
11 silly cache add   type: 'local' }
12 silly addLocalTarball shasum (computed) a8fa790d65b59032463d8a6ab2383f4f6ed2db0a
13 verbose addTmpTarball /Users/remco/dev/lab-intro-sde/introsde/myworkspace/assignment02/app.json not in flight; adding
14 verbose correctMkdir /Users/remco/.npm correctMkdir not in flight; initializing
15 verbose addTmpTarball validating metadata from /Users/remco/dev/lab-intro-sde/introsde/myworkspace/assignment02/app.json
16 verbose tar unpack /Users/remco/dev/lab-intro-sde/introsde/myworkspace/assignment02/app.json
17 verbose tar unpacking to /var/folders/dx/4h_622rj7wq92qd80skx6g740000gn/T/npm-65548-49234236/unpack-6adb54e6
18 silly gentlyRm /var/folders/dx/4h_622rj7wq92qd80skx6g740000gn/T/npm-65548-49234236/unpack-6adb54e6 is being purged
19 verbose gentlyRm don't care about contents; nuking /var/folders/dx/4h_622rj7wq92qd80skx6g740000gn/T/npm-65548-49234236/unpack-6adb54e6
20 silly gunzTarPerm modes [ '755', '644' ]
21 error not a package /Users/remco/dev/lab-intro-sde/introsde/myworkspace/assignment02/app.json
22 error addLocal Could not install /Users/remco/dev/lab-intro-sde/introsde/myworkspace/assignment02/app.json
23 silly fetchPackageMetaData Error: ENOENT: no such file or directory, open '/var/folders/dx/4h_622rj7wq92qd80skx6g740000gn/T/npm-65548-49234236/unpack-6adb54e6/package.json'
23 silly fetchPackageMetaData  error for app.json { Error: ENOENT: no such file or directory, open '/var/folders/dx/4h_622rj7wq92qd80skx6g740000gn/T/npm-65548-49234236/unpack-6adb54e6/package.json'
23 silly fetchPackageMetaData   errno: -2,
23 silly fetchPackageMetaData   code: 'ENOENT',
23 silly fetchPackageMetaData   syscall: 'open',
23 silly fetchPackageMetaData   path: '/var/folders/dx/4h_622rj7wq92qd80skx6g740000gn/T/npm-65548-49234236/unpack-6adb54e6/package.json' }
24 silly rollbackFailedOptional Starting
25 verbose stack TypeError: Cannot read property 'path' of null
25 verbose stack     at Installer.rollbackFailedOptional (/Users/remco/.npm-packages/lib/node_modules/npm/lib/install.js:505:29)
25 verbose stack     at Array.<anonymous> (/Users/remco/.npm-packages/lib/node_modules/npm/node_modules/slide/lib/bind-actor.js:15:8)
25 verbose stack     at LOOP (/Users/remco/.npm-packages/lib/node_modules/npm/node_modules/slide/lib/chain.js:15:14)
25 verbose stack     at /Users/remco/.npm-packages/lib/node_modules/npm/node_modules/slide/lib/chain.js:18:7
25 verbose stack     at /Users/remco/.npm-packages/lib/node_modules/npm/lib/install.js:331:5
25 verbose stack     at Array.<anonymous> (/Users/remco/.npm-packages/lib/node_modules/npm/node_modules/slide/lib/bind-actor.js:15:8)
25 verbose stack     at LOOP (/Users/remco/.npm-packages/lib/node_modules/npm/node_modules/slide/lib/chain.js:15:14)
25 verbose stack     at chain (/Users/remco/.npm-packages/lib/node_modules/npm/node_modules/slide/lib/chain.js:20:5)
25 verbose stack     at /Users/remco/.npm-packages/lib/node_modules/npm/lib/install.js:288:5
25 verbose stack     at /Users/remco/.npm-packages/lib/node_modules/npm/node_modules/slide/lib/chain.js:16:22
26 verbose cwd /Users/remco/dev/lab-intro-sde/introsde/myworkspace/assignment02
27 error Darwin 15.6.0
28 error argv "/usr/local/Cellar/node/7.2.0/bin/node" "/Users/remco/.npm-packages/bin/npm" "install" "app.json" "-global"
29 error node v7.2.0
30 error npm  v4.0.3
31 error Cannot read property 'path' of null
32 error If you need help, you may report this error at:
32 error     <https://github.com/npm/npm/issues>
33 verbose exit [ 1, true ]
